  Application.cpp
D:\Grupo 9\ModelXplorer 2.0\Application.cpp(38,28): warning C4244: 'inicializando': conversión de 'double' a 'float'; posible pérdida de datos
D:\Grupo 9\ModelXplorer 2.0\Application.cpp(78,50): warning C4244: 'argumento': conversión de 'double' a 'float'; posible pérdida de datos
D:\Grupo 9\ModelXplorer 2.0\Application.cpp(78,41): warning C4244: 'argumento': conversión de 'double' a 'float'; posible pérdida de datos
D:\Grupo 9\ModelXplorer 2.0\Application.cpp(224,31): warning C4244: 'argumento': conversión de 'double' a 'float'; posible pérdida de datos
  Camera.cpp
  cubo.cpp
  imGuiView.cpp
D:\Grupo 9\ModelXplorer 2.0\imGuiView.cpp(92,22): warning C4244: 'inicializando': conversión de 'float' a 'int'; posible pérdida de datos
D:\Grupo 9\ModelXplorer 2.0\imGuiView.cpp(93,23): warning C4244: 'inicializando': conversión de 'float' a 'int'; posible pérdida de datos
D:\Grupo 9\ModelXplorer 2.0\imGuiView.cpp(95,69): warning C4244: 'argumento': conversión de 'int' a 'float'; posible pérdida de datos
D:\Grupo 9\ModelXplorer 2.0\imGuiView.cpp(95,50): warning C4244: 'argumento': conversión de 'int' a 'float'; posible pérdida de datos
D:\Grupo 9\ModelXplorer 2.0\imGuiView.cpp(159,22): warning C4244: 'inicializando': conversión de 'float' a 'int'; posible pérdida de datos
D:\Grupo 9\ModelXplorer 2.0\imGuiView.cpp(160,23): warning C4244: 'inicializando': conversión de 'float' a 'int'; posible pérdida de datos
D:\Grupo 9\ModelXplorer 2.0\imGuiView.cpp(162,69): warning C4244: 'argumento': conversión de 'int' a 'float'; posible pérdida de datos
D:\Grupo 9\ModelXplorer 2.0\imGuiView.cpp(162,50): warning C4244: 'argumento': conversión de 'int' a 'float'; posible pérdida de datos
D:\Grupo 9\ModelXplorer 2.0\imGuiView.cpp(163,49): warning C4244: 'argumento': conversión de 'int' a 'float'; posible pérdida de datos
  imgui.cpp
  imgui_draw.cpp
  imgui_impl_glfw.cpp
  imgui_impl_opengl3.cpp
  imgui_tables.cpp
  imgui_widgets.cpp
  Mesh.cpp
D:\Grupo 9\ModelXplorer 2.0\Mesh.cpp(30,46): warning C4267: 'argumento': conversión de 'size_t' a 'GLsizei'; posible pérdida de datos
  ModelLoader.cpp
  ShaderProgram.cpp
  stb_image.cpp
  Texture.cpp
  Utils.cpp
  Generando código...
LINK : warning LNK4098: la biblioteca predeterminada'MSVCRT' entra en conflicto con otras bibliotecas; use la biblioteca /NODEFAULTLIB:biblioteca
  ModelXplorer 2.0.vcxproj -> D:\Grupo 9\ModelXplorer 2.0\x64\Debug\ModelXplorer 2.0.exe
