c:\users\activenc\source\repos\modelxplorer 2.0\modelxplorer 2.0\x64\release\vc143.pdb
c:\users\activenc\source\repos\modelxplorer 2.0\modelxplorer 2.0\x64\release\utils.obj
c:\users\activenc\source\repos\modelxplorer 2.0\modelxplorer 2.0\x64\release\texture.obj
c:\users\activenc\source\repos\modelxplorer 2.0\modelxplorer 2.0\x64\release\stb_image.obj
c:\users\activenc\source\repos\modelxplorer 2.0\modelxplorer 2.0\x64\release\shaderprogram.obj
c:\users\activenc\source\repos\modelxplorer 2.0\modelxplorer 2.0\x64\release\modelloader.obj
c:\users\activenc\source\repos\modelxplorer 2.0\modelxplorer 2.0\x64\release\mesh.obj
c:\users\activenc\source\repos\modelxplorer 2.0\modelxplorer 2.0\x64\release\imgui_widgets.obj
c:\users\activenc\source\repos\modelxplorer 2.0\modelxplorer 2.0\x64\release\imgui_tables.obj
c:\users\activenc\source\repos\modelxplorer 2.0\modelxplorer 2.0\x64\release\imgui_impl_opengl3.obj
c:\users\activenc\source\repos\modelxplorer 2.0\modelxplorer 2.0\x64\release\imgui_impl_glfw.obj
c:\users\activenc\source\repos\modelxplorer 2.0\modelxplorer 2.0\x64\release\imgui_draw.obj
c:\users\activenc\source\repos\modelxplorer 2.0\modelxplorer 2.0\x64\release\imgui.obj
c:\users\activenc\source\repos\modelxplorer 2.0\modelxplorer 2.0\x64\release\imguiview.obj
c:\users\activenc\source\repos\modelxplorer 2.0\modelxplorer 2.0\x64\release\cubo.obj
c:\users\activenc\source\repos\modelxplorer 2.0\modelxplorer 2.0\x64\release\camera.obj
c:\users\activenc\source\repos\modelxplorer 2.0\modelxplorer 2.0\x64\release\application.obj
c:\users\activenc\source\repos\modelxplorer 2.0\x64\release\modelxplorer 2.0.exe
c:\users\activenc\source\repos\modelxplorer 2.0\x64\release\modelxplorer 2.0.pdb
c:\users\activenc\source\repos\modelxplorer 2.0\modelxplorer 2.0\x64\release\modelxplorer 2.0.ipdb
c:\users\activenc\source\repos\modelxplorer 2.0\modelxplorer 2.0\x64\release\modelxplorer 2.0.iobj
c:\users\activenc\source\repos\modelxplorer 2.0\modelxplorer 2.0\x64\release\modelxplorer 2.0.tlog\cl.command.1.tlog
c:\users\activenc\source\repos\modelxplorer 2.0\modelxplorer 2.0\x64\release\modelxplorer 2.0.tlog\cl.items.tlog
c:\users\activenc\source\repos\modelxplorer 2.0\modelxplorer 2.0\x64\release\modelxplorer 2.0.tlog\cl.read.1.tlog
c:\users\activenc\source\repos\modelxplorer 2.0\modelxplorer 2.0\x64\release\modelxplorer 2.0.tlog\cl.write.1.tlog
c:\users\activenc\source\repos\modelxplorer 2.0\modelxplorer 2.0\x64\release\modelxplorer 2.0.tlog\link.command.1.tlog
c:\users\activenc\source\repos\modelxplorer 2.0\modelxplorer 2.0\x64\release\modelxplorer 2.0.tlog\link.read.1.tlog
c:\users\activenc\source\repos\modelxplorer 2.0\modelxplorer 2.0\x64\release\modelxplorer 2.0.tlog\link.secondary.1.tlog
c:\users\activenc\source\repos\modelxplorer 2.0\modelxplorer 2.0\x64\release\modelxplorer 2.0.tlog\link.write.1.tlog
